<?xml version="1.0" encoding="UTF-8"?>
<testng-results skipped="0" failed="0" ignored="0" total="0" passed="0">
  <reporter-output>
  </reporter-output>
  <suite name="com.mycompany.app.simulated_device.AppTest" duration-ms="8" started-at="2017-03-15T22:51:02Z" finished-at="2017-03-15T22:51:02Z">
    <groups>
    </groups>
    <test name="Command line test" duration-ms="8" started-at="2017-03-15T22:51:02Z" finished-at="2017-03-15T22:51:02Z">
    </test> <!-- Command line test -->
  </suite> <!-- com.mycompany.app.simulated_device.AppTest -->
</testng-results>
